------------------------------
COMMUNICATION MANAGER LOG FILE 
------------------------------

In this file, important events generated during the execution of the softrware are logged. 
 
Created in Friday, September 5, 2025-1:58:00 PM
 
2025-09-05T16:58:00.916168  [INFO] --> Socket type: ZMQ_SUB
2025-09-05T16:58:00.916168  [INFO] --> Linger (ms): 200
2025-09-05T16:58:00.916168  [INFO] --> IP address: 127.0.0.1:5556
2025-09-05T16:58:00.916168  [INFO] --> Option: ZMQ_SUBSCRIBE
2025-09-05T16:58:00.916168  [INFO] --> ID: 0
2025-09-05T16:58:00.916168  [INFO] --> Name: CM_SUB
------------------------------
COMMUNICATION MANAGER LOG FILE 
------------------------------

In this file, important events generated during the execution of the softrware are logged. 
 
Created in Friday, September 5, 2025-2:06:58 PM
 
2025-09-05T17:06:58.189604  [INFO] --> Socket type: ZMQ_SUB
2025-09-05T17:06:58.189604  [INFO] --> Linger (ms): 200
2025-09-05T17:06:58.189604  [INFO] --> IP address: 127.0.0.1:5556
2025-09-05T17:06:58.189604  [INFO] --> Option: ZMQ_SUBSCRIBE
2025-09-05T17:06:58.189604  [INFO] --> ID: 0
2025-09-05T17:06:58.189604  [INFO] --> Name: CM_SUB
------------------------------
COMMUNICATION MANAGER LOG FILE 
------------------------------

In this file, important events generated during the execution of the softrware are logged. 
 
Created in Friday, September 5, 2025-2:08:09 PM
 
2025-09-05T17:08:09.644850  [INFO] --> Socket type: ZMQ_SUB
2025-09-05T17:08:09.644850  [INFO] --> Linger (ms): 200
2025-09-05T17:08:09.644850  [INFO] --> IP address: 127.0.0.1:5556
2025-09-05T17:08:09.644850  [INFO] --> Option: ZMQ_SUBSCRIBE
2025-09-05T17:08:09.644850  [INFO] --> ID: 0
2025-09-05T17:08:09.644850  [INFO] --> Name: CM_SUB
------------------------------
COMMUNICATION MANAGER LOG FILE 
------------------------------

In this file, important events generated during the execution of the softrware are logged. 
 
Created in Friday, September 5, 2025-2:08:20 PM
 
2025-09-05T17:08:20.979060  [INFO] --> Socket type: ZMQ_SUB
2025-09-05T17:08:20.979060  [INFO] --> Linger (ms): 200
2025-09-05T17:08:20.979060  [INFO] --> IP address: 127.0.0.1:5556
2025-09-05T17:08:20.979060  [INFO] --> Option: ZMQ_SUBSCRIBE
2025-09-05T17:08:20.979060  [INFO] --> ID: 0
2025-09-05T17:08:20.979060  [INFO] --> Name: CM_SUB
------------------------------
COMMUNICATION MANAGER LOG FILE 
------------------------------

In this file, important events generated during the execution of the softrware are logged. 
 
Created in Friday, September 5, 2025-3:25:01 PM
 
2025-09-05T18:25:01.932158  [INFO] --> Socket type: ZMQ_SUB
2025-09-05T18:25:01.932158  [INFO] --> Linger (ms): 200
2025-09-05T18:25:01.932158  [INFO] --> IP address: 127.0.0.1:5556
2025-09-05T18:25:01.932158  [INFO] --> Option: ZMQ_SUBSCRIBE
2025-09-05T18:25:01.932158  [INFO] --> ID: 0
2025-09-05T18:25:01.932158  [INFO] --> Name: CM_SUB
------------------------------
COMMUNICATION MANAGER LOG FILE 
------------------------------

In this file, important events generated during the execution of the softrware are logged. 
 
Created in Friday, September 5, 2025-3:27:59 PM
 
2025-09-05T18:27:59.447697  [INFO] --> Socket type: ZMQ_SUB
2025-09-05T18:27:59.447697  [INFO] --> Linger (ms): 200
2025-09-05T18:27:59.447697  [INFO] --> IP address: 127.0.0.1:5556
2025-09-05T18:27:59.447697  [INFO] --> Option: ZMQ_SUBSCRIBE
2025-09-05T18:27:59.447697  [INFO] --> ID: 0
2025-09-05T18:27:59.447697  [INFO] --> Name: CM_SUB
------------------------------
COMMUNICATION MANAGER LOG FILE 
------------------------------

In this file, important events generated during the execution of the softrware are logged. 
 
Created in Friday, September 5, 2025-3:28:27 PM
 
2025-09-05T18:28:27.118398  [INFO] --> Socket type: ZMQ_SUB
2025-09-05T18:28:27.118398  [INFO] --> Linger (ms): 200
2025-09-05T18:28:27.118398  [INFO] --> IP address: 127.0.0.1:5556
2025-09-05T18:28:27.118398  [INFO] --> Option: ZMQ_SUBSCRIBE
2025-09-05T18:28:27.118398  [INFO] --> ID: 0
2025-09-05T18:28:27.118398  [INFO] --> Name: CM_SUB
------------------------------
COMMUNICATION MANAGER LOG FILE 
------------------------------

In this file, important events generated during the execution of the softrware are logged. 
 
Created in Friday, September 5, 2025-3:31:35 PM
 
2025-09-05T18:31:35.012341  [INFO] --> Socket type: ZMQ_SUB
2025-09-05T18:31:35.012341  [INFO] --> Linger (ms): 200
2025-09-05T18:31:35.012341  [INFO] --> IP address: 127.0.0.1:5556
2025-09-05T18:31:35.012341  [INFO] --> Option: ZMQ_SUBSCRIBE
2025-09-05T18:31:35.012341  [INFO] --> ID: 0
2025-09-05T18:31:35.012341  [INFO] --> Name: CM_SUB
