------------------------------
COMMUNICATION MANAGER LOG FILE 
------------------------------

In this file, important events generated during the execution of the softrware are logged. 
 
Created in Tuesday, August 19, 2025-8:52:21 AM
 
2025-08-19T11:52:21.784621  [INFO] --> Socket type: ZMQ_REQ
2025-08-19T11:52:21.784621  [INFO] --> Linger (ms): -1
2025-08-19T11:52:21.784621  [INFO] --> IP address: *:5555
2025-08-19T11:52:21.784621  [INFO] --> Option: NONE
2025-08-19T11:52:21.785709  [INFO] --> ID: 0
2025-08-19T11:52:21.785709  [INFO] --> Name: CM_REQ
------------------------------
COMMUNICATION MANAGER LOG FILE 
------------------------------

In this file, important events generated during the execution of the softrware are logged. 
 
Created in Tuesday, August 19, 2025-8:53:05 AM
 
2025-08-19T11:53:05.563130  [INFO] --> Socket type: ZMQ_REQ
2025-08-19T11:53:05.563130  [INFO] --> Linger (ms): -1
2025-08-19T11:53:05.563130  [INFO] --> IP address: *:5555
2025-08-19T11:53:05.563130  [INFO] --> Option: NONE
2025-08-19T11:53:05.563130  [INFO] --> ID: 0
2025-08-19T11:53:05.563130  [INFO] --> Name: CM_REQ
------------------------------
COMMUNICATION MANAGER LOG FILE 
------------------------------

In this file, important events generated during the execution of the softrware are logged. 
 
Created in Tuesday, August 19, 2025-8:55:32 AM
 
2025-08-19T11:55:32.756788  [INFO] --> Socket type: ZMQ_REQ
2025-08-19T11:55:32.756788  [INFO] --> Linger (ms): -1
2025-08-19T11:55:32.756788  [INFO] --> IP address: 200.131.64.25:5555
2025-08-19T11:55:32.756788  [INFO] --> Option: NONE
2025-08-19T11:55:32.756788  [INFO] --> ID: 0
2025-08-19T11:55:32.756788  [INFO] --> Name: CM_REQ
2025-08-19T11:55:35.791317  [INFO] --> Message sent : ads
2025-08-19T11:55:35.792320  [INFO] --> Received message: ACK
2025-08-19T11:55:36.775516  [INFO] --> Message sent : ads
2025-08-19T11:55:36.775516  [INFO] --> Received message: ACK
------------------------------
COMMUNICATION MANAGER LOG FILE 
------------------------------

In this file, important events generated during the execution of the softrware are logged. 
 
Created in Tuesday, August 19, 2025-8:56:44 AM
 
2025-08-19T11:56:44.979025  [INFO] --> Socket type: ZMQ_REQ
2025-08-19T11:56:44.979025  [INFO] --> Linger (ms): -1
2025-08-19T11:56:44.979025  [INFO] --> IP address: 127.0.0.1:5555
2025-08-19T11:56:44.979025  [INFO] --> Option: NONE
2025-08-19T11:56:44.979025  [INFO] --> ID: 0
2025-08-19T11:56:44.979025  [INFO] --> Name: CM_REQ
2025-08-19T11:56:46.618319  [INFO] --> Message sent : ads
2025-08-19T11:56:46.619371  [INFO] --> Received message: ACK
2025-08-19T11:56:47.521338  [INFO] --> Message sent : ads
2025-08-19T11:56:47.522844  [INFO] --> Received message: ACK
------------------------------
COMMUNICATION MANAGER LOG FILE 
------------------------------

In this file, important events generated during the execution of the softrware are logged. 
 
Created in Tuesday, August 19, 2025-8:57:06 AM
 
2025-08-19T11:57:06.114002  [INFO] --> Socket type: ZMQ_REQ
2025-08-19T11:57:06.114002  [INFO] --> Linger (ms): -1
2025-08-19T11:57:06.114002  [INFO] --> IP address: localhost:5555
2025-08-19T11:57:06.114002  [INFO] --> Option: NONE
2025-08-19T11:57:06.114002  [INFO] --> ID: 0
2025-08-19T11:57:06.114002  [INFO] --> Name: CM_REQ
2025-08-19T11:57:08.016089  [INFO] --> Message sent : ads
------------------------------
COMMUNICATION MANAGER LOG FILE 
------------------------------

In this file, important events generated during the execution of the softrware are logged. 
 
Created in Tuesday, August 19, 2025-8:58:53 AM
 
2025-08-19T11:58:53.390755  [INFO] --> Socket type: ZMQ_REQ
2025-08-19T11:58:53.390755  [INFO] --> Linger (ms): -1
2025-08-19T11:58:53.390755  [INFO] --> IP address: 127.0.0.1:5555
2025-08-19T11:58:53.390755  [INFO] --> Option: NONE
2025-08-19T11:58:53.390755  [INFO] --> ID: 0
2025-08-19T11:58:53.390755  [INFO] --> Name: CM_REQ
2025-08-19T11:58:56.223947  [INFO] --> Message sent : asd
2025-08-19T11:58:56.224947  [INFO] --> Received message: ACK
2025-08-19T11:58:57.040282  [INFO] --> Message sent : asd
2025-08-19T11:58:57.040282  [INFO] --> Received message: ACK
